This file contains any messages produced by compilers while
running configure, to aid debugging if configure makes a mistake.

It was created by leptonica configure 1.73, which was
generated by GNU Autoconf 2.68.  Invocation command line was

  $ ./configure 

## --------- ##
## Platform. ##
## --------- ##

hostname = raspberrypi
uname -m = armv6l
uname -r = 4.4.21+
uname -s = Linux
uname -v = #911 Thu Sep 15 14:17:52 BST 2016

/usr/bin/uname -p = unknown
/bin/uname -X     = unknown

/bin/arch              = unknown
/usr/bin/arch -k       = unknown
/usr/convex/getsysinfo = unknown
/usr/bin/hostinfo      = unknown
/bin/machine           = unknown
/usr/bin/oslevel       = unknown
/bin/universe          = unknown

PATH: /usr/local/sbin
PATH: /usr/local/bin
PATH: /usr/sbin
PATH: /usr/bin
PATH: /sbin
PATH: /bin
PATH: /usr/local/games
PATH: /usr/games


## ----------- ##
## Core tests. ##
## ----------- ##

configure:2330: checking build system type
configure:2344: result: armv6l-unknown-linux-gnueabihf
configure:2364: checking host system type
configure:2377: result: armv6l-unknown-linux-gnueabihf
configure:2418: checking how to print strings
configure:2445: result: printf
configure:2514: checking for gcc
configure:2530: found /usr/bin/gcc
configure:2541: result: gcc
configure:2770: checking for C compiler version
configure:2779: gcc --version >&5
gcc (Raspbian 4.9.2-10) 4.9.2
Copyright (C) 2014 Free Software Foundation, Inc.
This is free software; see the source for copying conditions.  There is NO
warranty; not even for MERCHANTABILITY or FITNESS FOR A PARTICULAR PURPOSE.

configure:2790: $? = 0
configure:2779: gcc -v >&5
Using built-in specs.
COLLECT_GCC=gcc
COLLECT_LTO_WRAPPER=/usr/lib/gcc/arm-linux-gnueabihf/4.9/lto-wrapper
Target: arm-linux-gnueabihf
Configured with: ../src/configure -v --with-pkgversion='Raspbian 4.9.2-10' --with-bugurl=file:///usr/share/doc/gcc-4.9/README.Bugs --enable-languages=c,c++,java,go,d,fortran,objc,obj-c++ --prefix=/usr --program-suffix=-4.9 --enable-shared --enable-linker-build-id --libexecdir=/usr/lib --without-included-gettext --enable-threads=posix --with-gxx-include-dir=/usr/include/c++/4.9 --libdir=/usr/lib --enable-nls --with-sysroot=/ --enable-clocale=gnu --enable-libstdcxx-debug --enable-libstdcxx-time=yes --enable-gnu-unique-object --disable-libitm --disable-libquadmath --enable-plugin --with-system-zlib --disable-browser-plugin --enable-java-awt=gtk --enable-gtk-cairo --with-java-home=/usr/lib/jvm/java-1.5.0-gcj-4.9-armhf/jre --enable-java-home --with-jvm-root-dir=/usr/lib/jvm/java-1.5.0-gcj-4.9-armhf --with-jvm-jar-dir=/usr/lib/jvm-exports/java-1.5.0-gcj-4.9-armhf --with-arch-directory=arm --with-ecj-jar=/usr/share/java/eclipse-ecj.jar --enable-objc-gc --enable-multiarch --disable-sjlj-exceptions --with-arch=armv6 --with-fpu=vfp --with-float=hard --enable-checking=release --build=arm-linux-gnueabihf --host=arm-linux-gnueabihf --target=arm-linux-gnueabihf
Thread model: posix
gcc version 4.9.2 (Raspbian 4.9.2-10) 
configure:2790: $? = 0
configure:2779: gcc -V >&5
gcc: error: unrecognized command line option '-V'
gcc: fatal error: no input files
compilation terminated.
configure:2790: $? = 4
configure:2779: gcc -qversion >&5
gcc: error: unrecognized command line option '-qversion'
gcc: fatal error: no input files
compilation terminated.
configure:2790: $? = 4
configure:2810: checking whether the C compiler works
configure:2832: gcc    conftest.c  >&5
configure:2836: $? = 0
configure:2884: result: yes
configure:2887: checking for C compiler default output file name
configure:2889: result: a.out
configure:2895: checking for suffix of executables
configure:2902: gcc -o conftest    conftest.c  >&5
configure:2906: $? = 0
configure:2928: result: 
configure:2950: checking whether we are cross compiling
configure:2958: gcc -o conftest    conftest.c  >&5
configure:2962: $? = 0
configure:2969: ./conftest
configure:2973: $? = 0
configure:2988: result: no
configure:2993: checking for suffix of object files
configure:3015: gcc -c   conftest.c >&5
configure:3019: $? = 0
configure:3040: result: o
configure:3044: checking whether we are using the GNU C compiler
configure:3063: gcc -c   conftest.c >&5
configure:3063: $? = 0
configure:3072: result: yes
configure:3081: checking whether gcc accepts -g
configure:3101: gcc -c -g  conftest.c >&5
configure:3101: $? = 0
configure:3142: result: yes
configure:3159: checking for gcc option to accept ISO C89
configure:3223: gcc  -c -g -O2  conftest.c >&5
configure:3223: $? = 0
configure:3236: result: none needed
configure:3256: checking for a sed that does not truncate output
configure:3320: result: /bin/sed
configure:3338: checking for grep that handles long lines and -e
configure:3396: result: /bin/grep
configure:3401: checking for egrep
configure:3463: result: /bin/grep -E
configure:3468: checking for fgrep
configure:3530: result: /bin/grep -F
configure:3565: checking for ld used by gcc
configure:3632: result: /usr/bin/ld
configure:3639: checking if the linker (/usr/bin/ld) is GNU ld
configure:3654: result: yes
configure:3666: checking for BSD- or MS-compatible name lister (nm)
configure:3715: result: /usr/bin/nm -B
configure:3845: checking the name lister (/usr/bin/nm -B) interface
configure:3852: gcc -c -g -O2  conftest.c >&5
configure:3855: /usr/bin/nm -B "conftest.o"
configure:3858: output
00000000 B some_variable
configure:3865: result: BSD nm
configure:3868: checking whether ln -s works
configure:3872: result: yes
configure:3880: checking the maximum length of command line arguments
configure:4010: result: 1572864
configure:4027: checking whether the shell understands some XSI constructs
configure:4037: result: yes
configure:4041: checking whether the shell understands "+="
configure:4047: result: yes
configure:4082: checking how to convert armv6l-unknown-linux-gnueabihf file names to armv6l-unknown-linux-gnueabihf format
configure:4122: result: func_convert_file_noop
configure:4129: checking how to convert armv6l-unknown-linux-gnueabihf file names to toolchain format
configure:4149: result: func_convert_file_noop
configure:4156: checking for /usr/bin/ld option to reload object files
configure:4163: result: -r
configure:4237: checking for objdump
configure:4253: found /usr/bin/objdump
configure:4264: result: objdump
configure:4296: checking how to recognize dependent libraries
configure:4498: result: pass_all
configure:4583: checking for dlltool
configure:4613: result: no
configure:4643: checking how to associate runtime and link libraries
configure:4670: result: printf %s\n
configure:4731: checking for ar
configure:4747: found /usr/bin/ar
configure:4758: result: ar
configure:4795: checking for archiver @FILE support
configure:4812: gcc -c -g -O2  conftest.c >&5
configure:4812: $? = 0
configure:4815: ar cru libconftest.a @conftest.lst >&5
configure:4818: $? = 0
configure:4823: ar cru libconftest.a @conftest.lst >&5
ar: conftest.o: No such file or directory
configure:4826: $? = 1
configure:4838: result: @
configure:4896: checking for strip
configure:4912: found /usr/bin/strip
configure:4923: result: strip
configure:4995: checking for ranlib
configure:5011: found /usr/bin/ranlib
configure:5022: result: ranlib
configure:5099: checking for gawk
configure:5129: result: no
configure:5099: checking for mawk
configure:5115: found /usr/bin/mawk
configure:5126: result: mawk
configure:5166: checking command to parse /usr/bin/nm -B output from gcc object
configure:5286: gcc -c -g -O2  conftest.c >&5
configure:5289: $? = 0
configure:5293: /usr/bin/nm -B conftest.o \| sed -n -e 's/^.*[ ]\([ABCDGIRSTW][ABCDGIRSTW]*\)[ ][ ]*\([_A-Za-z][_A-Za-z0-9]*\)$/\1 \2 \2/p' | sed '/ __gnu_lto/d' \> conftest.nm
configure:5296: $? = 0
configure:5362: gcc -o conftest -g -O2   conftest.c conftstm.o >&5
configure:5365: $? = 0
configure:5403: result: ok
configure:5440: checking for sysroot
configure:5470: result: no
configure:5726: checking for mt
configure:5742: found /bin/mt
configure:5753: result: mt
configure:5776: checking if mt is a manifest tool
configure:5782: mt '-?'
configure:5790: result: no
configure:6432: checking how to run the C preprocessor
configure:6463: gcc -E  conftest.c
configure:6463: $? = 0
configure:6477: gcc -E  conftest.c
conftest.c:9:28: fatal error: ac_nonexistent.h: No such file or directory
 #include <ac_nonexistent.h>
                            ^
compilation terminated.
configure:6477: $? = 1
configure: failed program was:
| /* confdefs.h */
| #define PACKAGE_NAME "leptonica"
| #define PACKAGE_TARNAME "leptonica"
| #define PACKAGE_VERSION "1.73"
| #define PACKAGE_STRING "leptonica 1.73"
| #define PACKAGE_BUGREPORT ""
| #define PACKAGE_URL ""
| /* end confdefs.h.  */
| #include <ac_nonexistent.h>
configure:6502: result: gcc -E
configure:6522: gcc -E  conftest.c
configure:6522: $? = 0
configure:6536: gcc -E  conftest.c
conftest.c:9:28: fatal error: ac_nonexistent.h: No such file or directory
 #include <ac_nonexistent.h>
                            ^
compilation terminated.
configure:6536: $? = 1
configure: failed program was:
| /* confdefs.h */
| #define PACKAGE_NAME "leptonica"
| #define PACKAGE_TARNAME "leptonica"
| #define PACKAGE_VERSION "1.73"
| #define PACKAGE_STRING "leptonica 1.73"
| #define PACKAGE_BUGREPORT ""
| #define PACKAGE_URL ""
| /* end confdefs.h.  */
| #include <ac_nonexistent.h>
configure:6565: checking for ANSI C header files
configure:6585: gcc -c -g -O2  conftest.c >&5
configure:6585: $? = 0
configure:6658: gcc -o conftest -g -O2   conftest.c  >&5
configure:6658: $? = 0
configure:6658: ./conftest
configure:6658: $? = 0
configure:6669: result: yes
configure:6682: checking for sys/types.h
configure:6682: gcc -c -g -O2  conftest.c >&5
configure:6682: $? = 0
configure:6682: result: yes
configure:6682: checking for sys/stat.h
configure:6682: gcc -c -g -O2  conftest.c >&5
configure:6682: $? = 0
configure:6682: result: yes
configure:6682: checking for stdlib.h
configure:6682: gcc -c -g -O2  conftest.c >&5
configure:6682: $? = 0
configure:6682: result: yes
configure:6682: checking for string.h
configure:6682: gcc -c -g -O2  conftest.c >&5
configure:6682: $? = 0
configure:6682: result: yes
configure:6682: checking for memory.h
configure:6682: gcc -c -g -O2  conftest.c >&5
configure:6682: $? = 0
configure:6682: result: yes
configure:6682: checking for strings.h
configure:6682: gcc -c -g -O2  conftest.c >&5
configure:6682: $? = 0
configure:6682: result: yes
configure:6682: checking for inttypes.h
configure:6682: gcc -c -g -O2  conftest.c >&5
configure:6682: $? = 0
configure:6682: result: yes
configure:6682: checking for stdint.h
configure:6682: gcc -c -g -O2  conftest.c >&5
configure:6682: $? = 0
configure:6682: result: yes
configure:6682: checking for unistd.h
configure:6682: gcc -c -g -O2  conftest.c >&5
configure:6682: $? = 0
configure:6682: result: yes
configure:6696: checking for dlfcn.h
configure:6696: gcc -c -g -O2  conftest.c >&5
configure:6696: $? = 0
configure:6696: result: yes
configure:6902: checking for objdir
configure:6917: result: .libs
configure:7184: checking if gcc supports -fno-rtti -fno-exceptions
configure:7202: gcc -c -g -O2  -fno-rtti -fno-exceptions conftest.c >&5
cc1: warning: command line option '-fno-rtti' is valid for C++/ObjC++ but not for C
configure:7206: $? = 0
configure:7219: result: no
configure:7546: checking for gcc option to produce PIC
configure:7553: result: -fPIC -DPIC
configure:7561: checking if gcc PIC flag -fPIC -DPIC works
configure:7579: gcc -c -g -O2  -fPIC -DPIC -DPIC conftest.c >&5
configure:7583: $? = 0
configure:7596: result: yes
configure:7625: checking if gcc static flag -static works
configure:7653: result: yes
configure:7668: checking if gcc supports -c -o file.o
configure:7689: gcc -c -g -O2  -o out/conftest2.o conftest.c >&5
configure:7693: $? = 0
configure:7715: result: yes
configure:7723: checking if gcc supports -c -o file.o
configure:7770: result: yes
configure:7803: checking whether the gcc linker (/usr/bin/ld) supports shared libraries
configure:8960: result: yes
configure:8997: checking whether -lc should be explicitly linked in
configure:9005: gcc -c -g -O2  conftest.c >&5
configure:9008: $? = 0
configure:9023: gcc -shared  -fPIC -DPIC conftest.o  -v -Wl,-soname -Wl,conftest -o conftest 2\>\&1 \| /bin/grep  -lc  \>/dev/null 2\>\&1
configure:9026: $? = 0
configure:9040: result: no
configure:9200: checking dynamic linker characteristics
configure:9711: gcc -o conftest -g -O2   -Wl,-rpath -Wl,/foo conftest.c  >&5
configure:9711: $? = 0
configure:9945: result: GNU/Linux ld.so
configure:10052: checking how to hardcode library paths into programs
configure:10077: result: immediate
configure:10617: checking whether stripping libraries is possible
configure:10622: result: yes
configure:10657: checking if libtool supports shared libraries
configure:10659: result: yes
configure:10662: checking whether to build shared libraries
configure:10683: result: yes
configure:10686: checking whether to build static libraries
configure:10690: result: yes
configure:10744: checking for a BSD-compatible install
configure:10812: result: /usr/bin/install -c
configure:10823: checking whether build environment is sane
configure:10873: result: yes
configure:11014: checking for a thread-safe mkdir -p
configure:11053: result: /bin/mkdir -p
configure:11062: checking whether make sets $(MAKE)
configure:11084: result: yes
configure:11114: checking for style of include used by make
configure:11142: result: GNU
configure:11228: checking dependency style of gcc
configure:11339: result: gcc3
configure:11368: checking for gawk
configure:11395: result: mawk
configure:11454: checking for gcc
configure:11481: result: gcc
configure:11710: checking for C compiler version
configure:11719: gcc --version >&5
gcc (Raspbian 4.9.2-10) 4.9.2
Copyright (C) 2014 Free Software Foundation, Inc.
This is free software; see the source for copying conditions.  There is NO
warranty; not even for MERCHANTABILITY or FITNESS FOR A PARTICULAR PURPOSE.

configure:11730: $? = 0
configure:11719: gcc -v >&5
Using built-in specs.
COLLECT_GCC=gcc
COLLECT_LTO_WRAPPER=/usr/lib/gcc/arm-linux-gnueabihf/4.9/lto-wrapper
Target: arm-linux-gnueabihf
Configured with: ../src/configure -v --with-pkgversion='Raspbian 4.9.2-10' --with-bugurl=file:///usr/share/doc/gcc-4.9/README.Bugs --enable-languages=c,c++,java,go,d,fortran,objc,obj-c++ --prefix=/usr --program-suffix=-4.9 --enable-shared --enable-linker-build-id --libexecdir=/usr/lib --without-included-gettext --enable-threads=posix --with-gxx-include-dir=/usr/include/c++/4.9 --libdir=/usr/lib --enable-nls --with-sysroot=/ --enable-clocale=gnu --enable-libstdcxx-debug --enable-libstdcxx-time=yes --enable-gnu-unique-object --disable-libitm --disable-libquadmath --enable-plugin --with-system-zlib --disable-browser-plugin --enable-java-awt=gtk --enable-gtk-cairo --with-java-home=/usr/lib/jvm/java-1.5.0-gcj-4.9-armhf/jre --enable-java-home --with-jvm-root-dir=/usr/lib/jvm/java-1.5.0-gcj-4.9-armhf --with-jvm-jar-dir=/usr/lib/jvm-exports/java-1.5.0-gcj-4.9-armhf --with-arch-directory=arm --with-ecj-jar=/usr/share/java/eclipse-ecj.jar --enable-objc-gc --enable-multiarch --disable-sjlj-exceptions --with-arch=armv6 --with-fpu=vfp --with-float=hard --enable-checking=release --build=arm-linux-gnueabihf --host=arm-linux-gnueabihf --target=arm-linux-gnueabihf
Thread model: posix
gcc version 4.9.2 (Raspbian 4.9.2-10) 
configure:11730: $? = 0
configure:11719: gcc -V >&5
gcc: error: unrecognized command line option '-V'
gcc: fatal error: no input files
compilation terminated.
configure:11730: $? = 4
configure:11719: gcc -qversion >&5
gcc: error: unrecognized command line option '-qversion'
gcc: fatal error: no input files
compilation terminated.
configure:11730: $? = 4
configure:11734: checking whether we are using the GNU C compiler
configure:11762: result: yes
configure:11771: checking whether gcc accepts -g
configure:11832: result: yes
configure:11849: checking for gcc option to accept ISO C89
configure:11926: result: none needed
configure:11951: checking how to run the C preprocessor
configure:12021: result: gcc -E
configure:12041: gcc -E  conftest.c
configure:12041: $? = 0
configure:12055: gcc -E  conftest.c
conftest.c:23:28: fatal error: ac_nonexistent.h: No such file or directory
 #include <ac_nonexistent.h>
                            ^
compilation terminated.
configure:12055: $? = 1
configure: failed program was:
| /* confdefs.h */
| #define PACKAGE_NAME "leptonica"
| #define PACKAGE_TARNAME "leptonica"
| #define PACKAGE_VERSION "1.73"
| #define PACKAGE_STRING "leptonica 1.73"
| #define PACKAGE_BUGREPORT ""
| #define PACKAGE_URL ""
| #define STDC_HEADERS 1
| #define HAVE_SYS_TYPES_H 1
| #define HAVE_SYS_STAT_H 1
| #define HAVE_STDLIB_H 1
| #define HAVE_STRING_H 1
| #define HAVE_MEMORY_H 1
| #define HAVE_STRINGS_H 1
| #define HAVE_INTTYPES_H 1
| #define HAVE_STDINT_H 1
| #define HAVE_UNISTD_H 1
| #define HAVE_DLFCN_H 1
| #define LT_OBJDIR ".libs/"
| #define PACKAGE "leptonica"
| #define VERSION "1.73"
| /* end confdefs.h.  */
| #include <ac_nonexistent.h>
configure:12085: checking whether ln -s works
configure:12089: result: yes
configure:12096: checking whether make sets $(MAKE)
configure:12118: result: yes
configure:12275: checking for cos in -lm
configure:12300: gcc -o conftest -g -O2   conftest.c -lm   >&5
conftest.c:30:6: warning: conflicting types for built-in function 'cos'
 char cos ();
      ^
configure:12300: $? = 0
configure:12309: result: yes
configure:12321: checking for deflate in -lz
configure:12346: gcc -o conftest -g -O2   conftest.c -lz   >&5
configure:12346: $? = 0
configure:12355: result: yes
configure:12373: checking for png_read_png in -lpng
configure:12399: gcc -o conftest -g -O2   conftest.c -lpng -lm -lz
    >&5
configure:12399: $? = 0
configure:12408: result: yes
configure:12425: checking for jpeg_read_scanlines in -ljpeg
configure:12450: gcc -o conftest -g -O2   conftest.c -ljpeg   >&5
configure:12450: $? = 0
configure:12459: result: yes
configure:12477: checking for DGifOpenFileHandle in -lgif
configure:12502: gcc -o conftest -g -O2   conftest.c -lgif   >&5
/usr/bin/ld: cannot find -lgif
collect2: error: ld returned 1 exit status
configure:12502: $? = 1
configure: failed program was:
| /* confdefs.h */
| #define PACKAGE_NAME "leptonica"
| #define PACKAGE_TARNAME "leptonica"
| #define PACKAGE_VERSION "1.73"
| #define PACKAGE_STRING "leptonica 1.73"
| #define PACKAGE_BUGREPORT ""
| #define PACKAGE_URL ""
| #define STDC_HEADERS 1
| #define HAVE_SYS_TYPES_H 1
| #define HAVE_SYS_STAT_H 1
| #define HAVE_STDLIB_H 1
| #define HAVE_STRING_H 1
| #define HAVE_MEMORY_H 1
| #define HAVE_STRINGS_H 1
| #define HAVE_INTTYPES_H 1
| #define HAVE_STDINT_H 1
| #define HAVE_UNISTD_H 1
| #define HAVE_DLFCN_H 1
| #define LT_OBJDIR ".libs/"
| #define PACKAGE "leptonica"
| #define VERSION "1.73"
| #define HAVE_LIBZ 1
| #define HAVE_LIBPNG 1
| #define HAVE_LIBJPEG 1
| /* end confdefs.h.  */
| 
| /* Override any GCC internal prototype to avoid an error.
|    Use char because int might match the return type of a GCC
|    builtin and then its argument prototype would still apply.  */
| #ifdef __cplusplus
| extern "C"
| #endif
| char DGifOpenFileHandle ();
| int
| main ()
| {
| return DGifOpenFileHandle ();
|   ;
|   return 0;
| }
configure:12511: result: no
configure:12538: checking for TIFFOpen in -ltiff
configure:12564: gcc -o conftest -g -O2   conftest.c -ltiff -lm -lz -ljpeg
    >&5
configure:12564: $? = 0
configure:12573: result: yes
configure:12590: checking for WebPGetInfo in -lwebp
configure:12616: gcc -o conftest -g -O2   conftest.c -lwebp -lm
    >&5
/usr/bin/ld: cannot find -lwebp
collect2: error: ld returned 1 exit status
configure:12616: $? = 1
configure: failed program was:
| /* confdefs.h */
| #define PACKAGE_NAME "leptonica"
| #define PACKAGE_TARNAME "leptonica"
| #define PACKAGE_VERSION "1.73"
| #define PACKAGE_STRING "leptonica 1.73"
| #define PACKAGE_BUGREPORT ""
| #define PACKAGE_URL ""
| #define STDC_HEADERS 1
| #define HAVE_SYS_TYPES_H 1
| #define HAVE_SYS_STAT_H 1
| #define HAVE_STDLIB_H 1
| #define HAVE_STRING_H 1
| #define HAVE_MEMORY_H 1
| #define HAVE_STRINGS_H 1
| #define HAVE_INTTYPES_H 1
| #define HAVE_STDINT_H 1
| #define HAVE_UNISTD_H 1
| #define HAVE_DLFCN_H 1
| #define LT_OBJDIR ".libs/"
| #define PACKAGE "leptonica"
| #define VERSION "1.73"
| #define HAVE_LIBZ 1
| #define HAVE_LIBPNG 1
| #define HAVE_LIBJPEG 1
| #define HAVE_LIBTIFF 1
| /* end confdefs.h.  */
| 
| /* Override any GCC internal prototype to avoid an error.
|    Use char because int might match the return type of a GCC
|    builtin and then its argument prototype would still apply.  */
| #ifdef __cplusplus
| extern "C"
| #endif
| char WebPGetInfo ();
| int
| main ()
| {
| return WebPGetInfo ();
|   ;
|   return 0;
| }
configure:12625: result: no
configure:12651: checking for opj_create_decompress in -lopenjp2
configure:12676: gcc -o conftest -g -O2   conftest.c -lopenjp2   >&5
/usr/bin/ld: cannot find -lopenjp2
collect2: error: ld returned 1 exit status
configure:12676: $? = 1
configure: failed program was:
| /* confdefs.h */
| #define PACKAGE_NAME "leptonica"
| #define PACKAGE_TARNAME "leptonica"
| #define PACKAGE_VERSION "1.73"
| #define PACKAGE_STRING "leptonica 1.73"
| #define PACKAGE_BUGREPORT ""
| #define PACKAGE_URL ""
| #define STDC_HEADERS 1
| #define HAVE_SYS_TYPES_H 1
| #define HAVE_SYS_STAT_H 1
| #define HAVE_STDLIB_H 1
| #define HAVE_STRING_H 1
| #define HAVE_MEMORY_H 1
| #define HAVE_STRINGS_H 1
| #define HAVE_INTTYPES_H 1
| #define HAVE_STDINT_H 1
| #define HAVE_UNISTD_H 1
| #define HAVE_DLFCN_H 1
| #define LT_OBJDIR ".libs/"
| #define PACKAGE "leptonica"
| #define VERSION "1.73"
| #define HAVE_LIBZ 1
| #define HAVE_LIBPNG 1
| #define HAVE_LIBJPEG 1
| #define HAVE_LIBTIFF 1
| /* end confdefs.h.  */
| 
| /* Override any GCC internal prototype to avoid an error.
|    Use char because int might match the return type of a GCC
|    builtin and then its argument prototype would still apply.  */
| #ifdef __cplusplus
| extern "C"
| #endif
| char opj_create_decompress ();
| int
| main ()
| {
| return opj_create_decompress ();
|   ;
|   return 0;
| }
configure:12685: result: no
configure:12749: checking whether make supports nested variables
configure:12766: result: yes
configure:12779: checking for size_t
configure:12779: gcc -c -g -O2  conftest.c >&5
configure:12779: $? = 0
configure:12779: gcc -c -g -O2  conftest.c >&5
conftest.c: In function 'main':
conftest.c:63:21: error: expected expression before ')' token
 if (sizeof ((size_t)))
                     ^
configure:12779: $? = 1
configure: failed program was:
| /* confdefs.h */
| #define PACKAGE_NAME "leptonica"
| #define PACKAGE_TARNAME "leptonica"
| #define PACKAGE_VERSION "1.73"
| #define PACKAGE_STRING "leptonica 1.73"
| #define PACKAGE_BUGREPORT ""
| #define PACKAGE_URL ""
| #define STDC_HEADERS 1
| #define HAVE_SYS_TYPES_H 1
| #define HAVE_SYS_STAT_H 1
| #define HAVE_STDLIB_H 1
| #define HAVE_STRING_H 1
| #define HAVE_MEMORY_H 1
| #define HAVE_STRINGS_H 1
| #define HAVE_INTTYPES_H 1
| #define HAVE_STDINT_H 1
| #define HAVE_UNISTD_H 1
| #define HAVE_DLFCN_H 1
| #define LT_OBJDIR ".libs/"
| #define PACKAGE "leptonica"
| #define VERSION "1.73"
| #define HAVE_LIBZ 1
| #define HAVE_LIBPNG 1
| #define HAVE_LIBJPEG 1
| #define HAVE_LIBTIFF 1
| /* end confdefs.h.  */
| #include <stdio.h>
| #ifdef HAVE_SYS_TYPES_H
| # include <sys/types.h>
| #endif
| #ifdef HAVE_SYS_STAT_H
| # include <sys/stat.h>
| #endif
| #ifdef STDC_HEADERS
| # include <stdlib.h>
| # include <stddef.h>
| #else
| # ifdef HAVE_STDLIB_H
| #  include <stdlib.h>
| # endif
| #endif
| #ifdef HAVE_STRING_H
| # if !defined STDC_HEADERS && defined HAVE_MEMORY_H
| #  include <memory.h>
| # endif
| # include <string.h>
| #endif
| #ifdef HAVE_STRINGS_H
| # include <strings.h>
| #endif
| #ifdef HAVE_INTTYPES_H
| # include <inttypes.h>
| #endif
| #ifdef HAVE_STDINT_H
| # include <stdint.h>
| #endif
| #ifdef HAVE_UNISTD_H
| # include <unistd.h>
| #endif
| int
| main ()
| {
| if (sizeof ((size_t)))
| 	    return 0;
|   ;
|   return 0;
| }
configure:12779: result: yes
configure:12790: checking whether byte ordering is bigendian
configure:12805: gcc -c -g -O2  conftest.c >&5
conftest.c:28:9: error: unknown type name 'not'
         not a universal capable compiler
         ^
conftest.c:28:15: error: expected '=', ',', ';', 'asm' or '__attribute__' before 'universal'
         not a universal capable compiler
               ^
conftest.c:28:15: error: unknown type name 'universal'
configure:12805: $? = 1
configure: failed program was:
| /* confdefs.h */
| #define PACKAGE_NAME "leptonica"
| #define PACKAGE_TARNAME "leptonica"
| #define PACKAGE_VERSION "1.73"
| #define PACKAGE_STRING "leptonica 1.73"
| #define PACKAGE_BUGREPORT ""
| #define PACKAGE_URL ""
| #define STDC_HEADERS 1
| #define HAVE_SYS_TYPES_H 1
| #define HAVE_SYS_STAT_H 1
| #define HAVE_STDLIB_H 1
| #define HAVE_STRING_H 1
| #define HAVE_MEMORY_H 1
| #define HAVE_STRINGS_H 1
| #define HAVE_INTTYPES_H 1
| #define HAVE_STDINT_H 1
| #define HAVE_UNISTD_H 1
| #define HAVE_DLFCN_H 1
| #define LT_OBJDIR ".libs/"
| #define PACKAGE "leptonica"
| #define VERSION "1.73"
| #define HAVE_LIBZ 1
| #define HAVE_LIBPNG 1
| #define HAVE_LIBJPEG 1
| #define HAVE_LIBTIFF 1
| /* end confdefs.h.  */
| #ifndef __APPLE_CC__
| 	       not a universal capable compiler
| 	     #endif
| 	     typedef int dummy;
| 
configure:12850: gcc -c -g -O2  conftest.c >&5
configure:12850: $? = 0
configure:12868: gcc -c -g -O2  conftest.c >&5
conftest.c: In function 'main':
conftest.c:34:4: error: unknown type name 'not'
    not big endian
    ^
conftest.c:34:12: error: expected '=', ',', ';', 'asm' or '__attribute__' before 'endian'
    not big endian
            ^
configure:12868: $? = 1
configure: failed program was:
| /* confdefs.h */
| #define PACKAGE_NAME "leptonica"
| #define PACKAGE_TARNAME "leptonica"
| #define PACKAGE_VERSION "1.73"
| #define PACKAGE_STRING "leptonica 1.73"
| #define PACKAGE_BUGREPORT ""
| #define PACKAGE_URL ""
| #define STDC_HEADERS 1
| #define HAVE_SYS_TYPES_H 1
| #define HAVE_SYS_STAT_H 1
| #define HAVE_STDLIB_H 1
| #define HAVE_STRING_H 1
| #define HAVE_MEMORY_H 1
| #define HAVE_STRINGS_H 1
| #define HAVE_INTTYPES_H 1
| #define HAVE_STDINT_H 1
| #define HAVE_UNISTD_H 1
| #define HAVE_DLFCN_H 1
| #define LT_OBJDIR ".libs/"
| #define PACKAGE "leptonica"
| #define VERSION "1.73"
| #define HAVE_LIBZ 1
| #define HAVE_LIBPNG 1
| #define HAVE_LIBJPEG 1
| #define HAVE_LIBTIFF 1
| /* end confdefs.h.  */
| #include <sys/types.h>
| 		#include <sys/param.h>
| 
| int
| main ()
| {
| #if BYTE_ORDER != BIG_ENDIAN
| 		 not big endian
| 		#endif
| 
|   ;
|   return 0;
| }
configure:12996: result: no
configure:13028: checking whether compiler supports -Wl,--as-needed
configure:13044: gcc -o conftest -g -O2  -Wl,--as-needed  conftest.c  >&5
configure:13044: $? = 0
configure:13045: result: yes
configure:13058: checking for fmemopen
configure:13058: gcc -o conftest -g -O2  -Wl,--as-needed  conftest.c  >&5
configure:13058: $? = 0
configure:13058: result: yes
configure:13217: creating ./config.status

## ---------------------- ##
## Running config.status. ##
## ---------------------- ##

This file was extended by leptonica config.status 1.73, which was
generated by GNU Autoconf 2.68.  Invocation command line was

  CONFIG_FILES    = 
  CONFIG_HEADERS  = 
  CONFIG_LINKS    = 
  CONFIG_COMMANDS = 
  $ ./config.status 

on raspberrypi

config.status:1120: creating Makefile
config.status:1120: creating src/endianness.h
config.status:1120: creating src/Makefile
config.status:1120: creating prog/Makefile
config.status:1120: creating lept.pc
config.status:1120: creating config_auto.h
config.status:1301: config_auto.h is unchanged
config.status:1349: executing libtool commands
config.status:1349: executing depfiles commands

## ---------------- ##
## Cache variables. ##
## ---------------- ##

ac_cv_build=armv6l-unknown-linux-gnueabihf
ac_cv_c_bigendian=no
ac_cv_c_compiler_gnu=yes
ac_cv_env_CC_set=
ac_cv_env_CC_value=
ac_cv_env_CFLAGS_set=
ac_cv_env_CFLAGS_value=
ac_cv_env_CPPFLAGS_set=
ac_cv_env_CPPFLAGS_value=
ac_cv_env_CPP_set=
ac_cv_env_CPP_value=
ac_cv_env_LDFLAGS_set=
ac_cv_env_LDFLAGS_value=
ac_cv_env_LIBS_set=
ac_cv_env_LIBS_value=
ac_cv_env_build_alias_set=
ac_cv_env_build_alias_value=
ac_cv_env_host_alias_set=
ac_cv_env_host_alias_value=
ac_cv_env_target_alias_set=
ac_cv_env_target_alias_value=
ac_cv_func_fmemopen=yes
ac_cv_header_dlfcn_h=yes
ac_cv_header_inttypes_h=yes
ac_cv_header_memory_h=yes
ac_cv_header_stdc=yes
ac_cv_header_stdint_h=yes
ac_cv_header_stdlib_h=yes
ac_cv_header_string_h=yes
ac_cv_header_strings_h=yes
ac_cv_header_sys_stat_h=yes
ac_cv_header_sys_types_h=yes
ac_cv_header_unistd_h=yes
ac_cv_host=armv6l-unknown-linux-gnueabihf
ac_cv_lib_gif_DGifOpenFileHandle=no
ac_cv_lib_jpeg_jpeg_read_scanlines=yes
ac_cv_lib_m_cos=yes
ac_cv_lib_openjp2_opj_create_decompress=no
ac_cv_lib_png_png_read_png=yes
ac_cv_lib_tiff_TIFFOpen=yes
ac_cv_lib_webp_WebPGetInfo=no
ac_cv_lib_z_deflate=yes
ac_cv_objext=o
ac_cv_path_EGREP='/bin/grep -E'
ac_cv_path_FGREP='/bin/grep -F'
ac_cv_path_GREP=/bin/grep
ac_cv_path_SED=/bin/sed
ac_cv_path_install='/usr/bin/install -c'
ac_cv_path_mkdir=/bin/mkdir
ac_cv_prog_AWK=mawk
ac_cv_prog_CPP='gcc -E'
ac_cv_prog_ac_ct_AR=ar
ac_cv_prog_ac_ct_CC=gcc
ac_cv_prog_ac_ct_MANIFEST_TOOL=mt
ac_cv_prog_ac_ct_OBJDUMP=objdump
ac_cv_prog_ac_ct_RANLIB=ranlib
ac_cv_prog_ac_ct_STRIP=strip
ac_cv_prog_cc_c89=
ac_cv_prog_cc_g=yes
ac_cv_prog_make_make_set=yes
ac_cv_type_size_t=yes
am_cv_CC_dependencies_compiler_type=gcc3
am_cv_make_support_nested_variables=yes
lt_cv_ar_at_file=@
lt_cv_archive_cmds_need_lc=no
lt_cv_deplibs_check_method=pass_all
lt_cv_file_magic_cmd='$MAGIC_CMD'
lt_cv_file_magic_test_file=
lt_cv_ld_reload_flag=-r
lt_cv_nm_interface='BSD nm'
lt_cv_objdir=.libs
lt_cv_path_LD=/usr/bin/ld
lt_cv_path_NM='/usr/bin/nm -B'
lt_cv_path_mainfest_tool=no
lt_cv_prog_compiler_c_o=yes
lt_cv_prog_compiler_pic='-fPIC -DPIC'
lt_cv_prog_compiler_pic_works=yes
lt_cv_prog_compiler_rtti_exceptions=no
lt_cv_prog_compiler_static_works=yes
lt_cv_prog_gnu_ld=yes
lt_cv_sharedlib_from_linklib_cmd='printf %s\n'
lt_cv_shlibpath_overrides_runpath=no
lt_cv_sys_global_symbol_pipe='sed -n -e '\''s/^.*[	 ]\([ABCDGIRSTW][ABCDGIRSTW]*\)[	 ][	 ]*\([_A-Za-z][_A-Za-z0-9]*\)$/\1 \2 \2/p'\'' | sed '\''/ __gnu_lto/d'\'''
lt_cv_sys_global_symbol_to_c_name_address='sed -n -e '\''s/^: \([^ ]*\)[ ]*$/  {\"\1\", (void *) 0},/p'\'' -e '\''s/^[ABCDGIRSTW]* \([^ ]*\) \([^ ]*\)$/  {"\2", (void *) \&\2},/p'\'''
lt_cv_sys_global_symbol_to_c_name_address_lib_prefix='sed -n -e '\''s/^: \([^ ]*\)[ ]*$/  {\"\1\", (void *) 0},/p'\'' -e '\''s/^[ABCDGIRSTW]* \([^ ]*\) \(lib[^ ]*\)$/  {"\2", (void *) \&\2},/p'\'' -e '\''s/^[ABCDGIRSTW]* \([^ ]*\) \([^ ]*\)$/  {"lib\2", (void *) \&\2},/p'\'''
lt_cv_sys_global_symbol_to_cdecl='sed -n -e '\''s/^T .* \(.*\)$/extern int \1();/p'\'' -e '\''s/^[ABCDGIRSTW]* .* \(.*\)$/extern char \1;/p'\'''
lt_cv_sys_max_cmd_len=1572864
lt_cv_to_host_file_cmd=func_convert_file_noop
lt_cv_to_tool_file_cmd=func_convert_file_noop

## ----------------- ##
## Output variables. ##
## ----------------- ##

ACLOCAL='${SHELL} /home/pi/scanthingy/leptonica-1.73/config/missing --run aclocal-1.11'
AMDEPBACKSLASH='\'
AMDEP_FALSE='#'
AMDEP_TRUE=''
AMTAR='$${TAR-tar}'
AM_BACKSLASH='\'
AM_DEFAULT_V='$(AM_DEFAULT_VERBOSITY)'
AM_DEFAULT_VERBOSITY='0'
AM_V='$(V)'
APPLE_UNIVERSAL_BUILD='0'
AR='ar'
AUTOCONF='${SHELL} /home/pi/scanthingy/leptonica-1.73/config/missing --run autoconf'
AUTOHEADER='${SHELL} /home/pi/scanthingy/leptonica-1.73/config/missing --run autoheader'
AUTOMAKE='${SHELL} /home/pi/scanthingy/leptonica-1.73/config/missing --run automake-1.11'
AWK='mawk'
CC='gcc'
CCDEPMODE='depmode=gcc3'
CFLAGS='-g -O2'
CPP='gcc -E'
CPPFLAGS=''
CYGPATH_W='echo'
DEFS='-DHAVE_CONFIG_H'
DEPDIR='.deps'
DLLTOOL='false'
DSYMUTIL=''
DUMPBIN=''
ECHO_C=''
ECHO_N='-n'
ECHO_T=''
EGREP='/bin/grep -E'
ENABLE_PROGRAMS_FALSE='#'
ENABLE_PROGRAMS_TRUE=''
ENDIANNESS='L_LITTLE_ENDIAN'
EXEEXT=''
FGREP='/bin/grep -F'
GDI_LIBS=''
GIFLIB_LIBS=''
GREP='/bin/grep'
HAVE_LIBGIF_FALSE=''
HAVE_LIBGIF_TRUE='#'
HAVE_LIBJP2K_FALSE=''
HAVE_LIBJP2K_TRUE='#'
HAVE_LIBWEBP_FALSE=''
HAVE_LIBWEBP_TRUE='#'
INSTALL_DATA='${INSTALL} -m 644'
INSTALL_PROGRAM='${INSTALL}'
INSTALL_SCRIPT='${INSTALL}'
INSTALL_STRIP_PROGRAM='$(install_sh) -c -s'
JPEG_LIBS='-ljpeg'
LD='/usr/bin/ld'
LDFLAGS='-Wl,--as-needed '
LIBJP2K_LIBS=''
LIBM='-lm'
LIBOBJS=''
LIBPNG_LIBS='-lpng'
LIBS=''
LIBTIFF_LIBS='-ltiff'
LIBTOOL='$(SHELL) $(top_builddir)/libtool'
LIBWEBP_LIBS=''
LIPO=''
LN_S='ln -s'
LTLIBOBJS=''
MAKEINFO='${SHELL} /home/pi/scanthingy/leptonica-1.73/config/missing --run makeinfo'
MANIFEST_TOOL=':'
MKDIR_P='/bin/mkdir -p'
NM='/usr/bin/nm -B'
NMEDIT=''
OBJDUMP='objdump'
OBJEXT='o'
OTOOL64=''
OTOOL=''
PACKAGE='leptonica'
PACKAGE_BUGREPORT=''
PACKAGE_NAME='leptonica'
PACKAGE_STRING='leptonica 1.73'
PACKAGE_TARNAME='leptonica'
PACKAGE_URL=''
PACKAGE_VERSION='1.73'
PATH_SEPARATOR=':'
RANLIB='ranlib'
SED='/bin/sed'
SET_MAKE=''
SHELL='/bin/bash'
STRIP='strip'
VERSION='1.73'
ZLIB_LIBS='-lz'
ac_ct_AR='ar'
ac_ct_CC='gcc'
ac_ct_DUMPBIN=''
am__EXEEXT_FALSE=''
am__EXEEXT_TRUE='#'
am__fastdepCC_FALSE='#'
am__fastdepCC_TRUE=''
am__include='include'
am__isrc=''
am__leading_dot='.'
am__nodep='_no'
am__quote=''
am__tar='$${TAR-tar} chof - "$$tardir"'
am__untar='$${TAR-tar} xf -'
bindir='${exec_prefix}/bin'
build='armv6l-unknown-linux-gnueabihf'
build_alias=''
build_cpu='armv6l'
build_os='linux-gnueabihf'
build_vendor='unknown'
datadir='${datarootdir}'
datarootdir='${prefix}/share'
docdir='${datarootdir}/doc/${PACKAGE_TARNAME}'
dvidir='${docdir}'
exec_prefix='${prefix}'
host='armv6l-unknown-linux-gnueabihf'
host_alias=''
host_cpu='armv6l'
host_os='linux-gnueabihf'
host_vendor='unknown'
htmldir='${docdir}'
includedir='${prefix}/include'
infodir='${datarootdir}/info'
install_sh='${SHELL} /home/pi/scanthingy/leptonica-1.73/config/install-sh'
libdir='${exec_prefix}/lib'
libexecdir='${exec_prefix}/libexec'
localedir='${datarootdir}/locale'
localstatedir='${prefix}/var'
mandir='${datarootdir}/man'
mkdir_p='/bin/mkdir -p'
oldincludedir='/usr/include'
pdfdir='${docdir}'
prefix='/usr/local'
program_transform_name='s,x,x,'
psdir='${docdir}'
sbindir='${exec_prefix}/sbin'
sharedstatedir='${prefix}/com'
sysconfdir='${prefix}/etc'
target_alias=''

## ----------- ##
## confdefs.h. ##
## ----------- ##

/* confdefs.h */
#define PACKAGE_NAME "leptonica"
#define PACKAGE_TARNAME "leptonica"
#define PACKAGE_VERSION "1.73"
#define PACKAGE_STRING "leptonica 1.73"
#define PACKAGE_BUGREPORT ""
#define PACKAGE_URL ""
#define STDC_HEADERS 1
#define HAVE_SYS_TYPES_H 1
#define HAVE_SYS_STAT_H 1
#define HAVE_STDLIB_H 1
#define HAVE_STRING_H 1
#define HAVE_MEMORY_H 1
#define HAVE_STRINGS_H 1
#define HAVE_INTTYPES_H 1
#define HAVE_STDINT_H 1
#define HAVE_UNISTD_H 1
#define HAVE_DLFCN_H 1
#define LT_OBJDIR ".libs/"
#define PACKAGE "leptonica"
#define VERSION "1.73"
#define HAVE_LIBZ 1
#define HAVE_LIBPNG 1
#define HAVE_LIBJPEG 1
#define HAVE_LIBTIFF 1
#define HAVE_FMEMOPEN 1

configure: exit 0
